<?xml version="1.0" encoding="UTF-8"?>
<testng-results ignored="0" total="1" passed="1" failed="0" skipped="0">
  <reporter-output>
    <line>
      <![CDATA[AccountModule]]>
    </line>
  </reporter-output>
  <suite started-at="2025-05-17T11:22:48 IST" name="Suite" finished-at="2025-05-17T11:22:48 IST" duration-ms="72">
    <groups>
    </groups>
    <test started-at="2025-05-17T11:22:48 IST" name="Test" finished-at="2025-05-17T11:22:48 IST" duration-ms="72">
      <class name="com.kasua.testscript.AccountModule">
        <test-method signature="demo()[pri:0, instance:com.kasua.testscript.AccountModule@179ece50]" started-at="2025-05-17T11:22:48 IST" name="demo" finished-at="2025-05-17T11:22:48 IST" duration-ms="17" status="PASS">
          <reporter-output>
            <line>
              <![CDATA[AccountModule]]>
            </line>
          </reporter-output>
        </test-method> <!-- demo -->
      </class> <!-- com.kasua.testscript.AccountModule -->
    </test> <!-- Test -->
  </suite> <!-- Suite -->
</testng-results>
